<?xml version="1.0" encoding="UTF-8"?>
<testsuite name="br.com.dio.desafioreactor.Question1Test" tests="1" skipped="0" failures="0" errors="0" timestamp="2023-08-20T00:27:14" hostname="DESKTOP-6ESMOV3" time="0.12">
  <properties/>
  <testcase name="incTest()" classname="br.com.dio.desafioreactor.Question1Test" time="0.12"/>
  <system-out><![CDATA[]]></system-out>
  <system-err><![CDATA[]]></system-err>
</testsuite>
